0 info it worked if it ends with ok
1 verbose cli [ 'node',
1 verbose cli   '/usr/local/bin/npm',
1 verbose cli   'install',
1 verbose cli   'Array.prototype.find',
1 verbose cli   '--save-dev' ]
2 info using npm@1.3.21
3 info using node@v0.10.24
4 warn package.json ng-gme@0.0.1 No description
5 verbose readDependencies using package.json deps
6 verbose cache add [ 'Array.prototype.find', null ]
7 verbose cache add name=undefined spec="Array.prototype.find" args=["Array.prototype.find",null]
8 verbose parsed url { protocol: null,
8 verbose parsed url   slashes: null,
8 verbose parsed url   auth: null,
8 verbose parsed url   host: null,
8 verbose parsed url   port: null,
8 verbose parsed url   hostname: null,
8 verbose parsed url   hash: null,
8 verbose parsed url   search: null,
8 verbose parsed url   query: null,
8 verbose parsed url   pathname: 'Array.prototype.find',
8 verbose parsed url   path: 'Array.prototype.find',
8 verbose parsed url   href: 'Array.prototype.find' }
9 silly lockFile 2487bf01-Array-prototype-find Array.prototype.find
10 verbose lock Array.prototype.find /Users/laszlojuracz/.npm/2487bf01-Array-prototype-find.lock
11 silly lockFile 2487bf01-Array-prototype-find Array.prototype.find
12 silly lockFile 2487bf01-Array-prototype-find Array.prototype.find
13 verbose addNamed [ 'Array.prototype.find', '' ]
14 verbose addNamed [ null, '*' ]
15 silly lockFile 9a81519b-Array-prototype-find Array.prototype.find@
16 verbose lock Array.prototype.find@ /Users/laszlojuracz/.npm/9a81519b-Array-prototype-find.lock
17 silly addNameRange { name: 'Array.prototype.find', range: '*', hasData: false }
18 verbose url raw Array.prototype.find
19 verbose url resolving [ 'https://registry.npmjs.org/', './Array.prototype.find' ]
20 verbose url resolved https://registry.npmjs.org/Array.prototype.find
21 info trying registry request attempt 1 at 18:13:42
22 http GET https://registry.npmjs.org/Array.prototype.find
23 http 404 https://registry.npmjs.org/Array.prototype.find
24 silly registry.get cb [ 404,
24 silly registry.get   { date: 'Wed, 17 Dec 2014 00:13:42 GMT',
24 silly registry.get     server: 'CouchDB/1.5.0 (Erlang OTP/R16B03)',
24 silly registry.get     'content-type': 'application/json',
24 silly registry.get     'cache-control': 'max-age=0',
24 silly registry.get     'content-length': '52',
24 silly registry.get     'accept-ranges': 'bytes',
24 silly registry.get     via: '1.1 varnish',
24 silly registry.get     age: '0',
24 silly registry.get     'x-served-by': 'cache-atl6229-ATL',
24 silly registry.get     'x-cache': 'MISS',
24 silly registry.get     'x-cache-hits': '0',
24 silly registry.get     'x-timer': 'S1418775222.730420,VS0,VE26',
24 silly registry.get     'keep-alive': 'timeout=10, max=50',
24 silly registry.get     connection: 'Keep-Alive' } ]
25 silly lockFile 9a81519b-Array-prototype-find Array.prototype.find@
26 silly lockFile 9a81519b-Array-prototype-find Array.prototype.find@
27 error 404 'Array.prototype.find' is not in the npm registry.
27 error 404 You should bug the author to publish it
27 error 404
27 error 404 Note that you can also install from a
27 error 404 tarball, folder, or http url, or git url.
28 error System Darwin 13.4.0
29 error command "node" "/usr/local/bin/npm" "install" "Array.prototype.find" "--save-dev"
30 error cwd /Users/laszlojuracz/Projects/morph/mms-webcyphy
31 error node -v v0.10.24
32 error npm -v 1.3.21
33 error code E404
34 verbose exit [ 1, true ]
