
        <!-- ngRepeat: log in logs track by $index --><li ng-repeat="log in logs track by $index" class="ng-scope">
            <span class="ng-binding">init</span>
        </li><!-- end ngRepeat: log in logs track by $index --><li ng-repeat="log in logs track by $index" class="ng-scope">
            <span class="ng-binding">Tue Jan 13 2015 16:14:08 GMT-0600 (CST) db open</span>
        </li><!-- end ngRepeat: log in logs track by $index --><li ng-repeat="log in logs track by $index" class="ng-scope">
            <span class="ng-binding">Tue Jan 13 2015 16:14:16 GMT-0600 (CST) meta loaded</span>
        </li><!-- end ngRepeat: log in logs track by $index --><li ng-repeat="log in logs track by $index" class="ng-scope">
            <span class="ng-binding">Tue Jan 13 2015 16:14:16 GMT-0600 (CST) children: 3</span>
        </li><!-- end ngRepeat: log in logs track by $index --><li ng-repeat="log in logs track by $index" class="ng-scope">
            <span class="ng-binding">Tue Jan 13 2015 16:14:17 GMT-0600 (CST) children: 3</span>
        </li><!-- end ngRepeat: log in logs track by $index --><li ng-repeat="log in logs track by $index" class="ng-scope">
            <span class="ng-binding">Tue Jan 13 2015 16:14:18 GMT-0600 (CST) children: 106</span>
        </li><!-- end ngRepeat: log in logs track by $index --><li ng-repeat="log in logs track by $index" class="ng-scope">
            <span class="ng-binding">Tue Jan 13 2015 16:14:18 GMT-0600 (CST) children2: 8</span>
        </li><!-- end ngRepeat: log in logs track by $index --><li ng-repeat="log in logs track by $index" class="ng-scope">
            <span class="ng-binding">Tue Jan 13 2015 16:14:18 GMT-0600 (CST) set</span>
        </li><!-- end ngRepeat: log in logs track by $index --><li ng-repeat="log in logs track by $index" class="ng-scope">
            <span class="ng-binding">Tue Jan 13 2015 16:14:23 GMT-0600 (CST) done 1</span>
        </li><!-- end ngRepeat: log in logs track by $index --><li ng-repeat="log in logs track by $index" class="ng-scope">
            <span class="ng-binding">Tue Jan 13 2015 16:14:23 GMT-0600 (CST) set</span>
        </li><!-- end ngRepeat: log in logs track by $index --><li ng-repeat="log in logs track by $index" class="ng-scope">
            <span class="ng-binding">Tue Jan 13 2015 16:14:32 GMT-0600 (CST) done 2</span>
        </li><!-- end ngRepeat: log in logs track by $index --><li ng-repeat="log in logs track by $index" class="ng-scope">
            <span class="ng-binding">Tue Jan 13 2015 16:14:32 GMT-0600 (CST) set</span>
        </li><!-- end ngRepeat: log in logs track by $index --><li ng-repeat="log in logs track by $index" class="ng-scope">
            <span class="ng-binding">Tue Jan 13 2015 16:15:12 GMT-0600 (CST) done 3</span>
        </li><!-- end ngRepeat: log in logs track by $index --><li ng-repeat="log in logs track by $index" class="ng-scope">
            <span class="ng-binding">Tue Jan 13 2015 16:15:12 GMT-0600 (CST) set</span>
        </li><!-- end ngRepeat: log in logs track by $index --><li ng-repeat="log in logs track by $index" class="ng-scope">
            <span class="ng-binding">Tue Jan 13 2015 16:16:08 GMT-0600 (CST) done 4</span>
        </li><!-- end ngRepeat: log in logs track by $index --><li ng-repeat="log in logs track by $index" class="ng-scope">
            <span class="ng-binding">Tue Jan 13 2015 16:16:08 GMT-0600 (CST) set</span>
        </li><!-- end ngRepeat: log in logs track by $index --><li ng-repeat="log in logs track by $index" class="ng-scope">
            <span class="ng-binding">Tue Jan 13 2015 16:16:58 GMT-0600 (CST) done 5</span>
        </li><!-- end ngRepeat: log in logs track by $index --><li ng-repeat="log in logs track by $index" class="ng-scope">
            <span class="ng-binding">Tue Jan 13 2015 16:16:58 GMT-0600 (CST) set</span>
        </li><!-- end ngRepeat: log in logs track by $index --><li ng-repeat="log in logs track by $index" class="ng-scope">
            <span class="ng-binding">Tue Jan 13 2015 16:17:26 GMT-0600 (CST) done 6</span>
        </li><!-- end ngRepeat: log in logs track by $index --><li ng-repeat="log in logs track by $index" class="ng-scope">
            <span class="ng-binding">Tue Jan 13 2015 16:17:26 GMT-0600 (CST) set</span>
        </li><!-- end ngRepeat: log in logs track by $index --><li ng-repeat="log in logs track by $index" class="ng-scope">
            <span class="ng-binding">Tue Jan 13 2015 16:18:10 GMT-0600 (CST) done 7</span>
        </li><!-- end ngRepeat: log in logs track by $index --><li ng-repeat="log in logs track by $index" class="ng-scope">
            <span class="ng-binding">Tue Jan 13 2015 16:18:10 GMT-0600 (CST) set</span>
        </li><!-- end ngRepeat: log in logs track by $index --><li ng-repeat="log in logs track by $index" class="ng-scope">
            <span class="ng-binding">Tue Jan 13 2015 16:18:49 GMT-0600 (CST) done 8</span>
        </li><!-- end ngRepeat: log in logs track by $index --><li ng-repeat="log in logs track by $index" class="ng-scope">
            <span class="ng-binding">Tue Jan 13 2015 16:18:49 GMT-0600 (CST) set</span>
        </li><!-- end ngRepeat: log in logs track by $index --><li ng-repeat="log in logs track by $index" class="ng-scope">
            <span class="ng-binding">Tue Jan 13 2015 16:19:07 GMT-0600 (CST) done 9</span>
        </li><!-- end ngRepeat: log in logs track by $index --><li ng-repeat="log in logs track by $index" class="ng-scope">
            <span class="ng-binding">Tue Jan 13 2015 16:19:07 GMT-0600 (CST) set</span>
        </li><!-- end ngRepeat: log in logs track by $index --><li ng-repeat="log in logs track by $index" class="ng-scope">
            <span class="ng-binding">Tue Jan 13 2015 16:19:19 GMT-0600 (CST) done 10</span>
        </li><!-- end ngRepeat: log in logs track by $index --><li ng-repeat="log in logs track by $index" class="ng-scope">
            <span class="ng-binding">Tue Jan 13 2015 16:19:19 GMT-0600 (CST) set</span>
        </li><!-- end ngRepeat: log in logs track by $index --><li ng-repeat="log in logs track by $index" class="ng-scope">
            <span class="ng-binding">Tue Jan 13 2015 16:19:36 GMT-0600 (CST) done 11</span>
        </li><!-- end ngRepeat: log in logs track by $index --><li ng-repeat="log in logs track by $index" class="ng-scope">
            <span class="ng-binding">Tue Jan 13 2015 16:19:36 GMT-0600 (CST) set</span>
        </li><!-- end ngRepeat: log in logs track by $index --><li ng-repeat="log in logs track by $index" class="ng-scope">
            <span class="ng-binding">Tue Jan 13 2015 16:19:50 GMT-0600 (CST) done 12</span>
        </li><!-- end ngRepeat: log in logs track by $index --><li ng-repeat="log in logs track by $index" class="ng-scope">
            <span class="ng-binding">Tue Jan 13 2015 16:19:50 GMT-0600 (CST) set</span>
        </li><!-- end ngRepeat: log in logs track by $index --><li ng-repeat="log in logs track by $index" class="ng-scope">
            <span class="ng-binding">Tue Jan 13 2015 16:20:02 GMT-0600 (CST) done 13</span>
        </li><!-- end ngRepeat: log in logs track by $index --><li ng-repeat="log in logs track by $index" class="ng-scope">
            <span class="ng-binding">Tue Jan 13 2015 16:20:02 GMT-0600 (CST) set</span>
        </li><!-- end ngRepeat: log in logs track by $index --><li ng-repeat="log in logs track by $index" class="ng-scope">
            <span class="ng-binding">Tue Jan 13 2015 16:20:16 GMT-0600 (CST) done 14</span>
        </li><!-- end ngRepeat: log in logs track by $index --><li ng-repeat="log in logs track by $index" class="ng-scope">
            <span class="ng-binding">Tue Jan 13 2015 16:20:16 GMT-0600 (CST) set</span>
        </li><!-- end ngRepeat: log in logs track by $index --><li ng-repeat="log in logs track by $index" class="ng-scope">
            <span class="ng-binding">Tue Jan 13 2015 16:20:32 GMT-0600 (CST) done 15</span>
        </li><!-- end ngRepeat: log in logs track by $index --><li ng-repeat="log in logs track by $index" class="ng-scope">
            <span class="ng-binding">Tue Jan 13 2015 16:20:32 GMT-0600 (CST) PHANTOM DONE</span>
        </li><!-- end ngRepeat: log in logs track by $index -->
    

WebGME Client is available.
WebGME client library is ready to use.
WebGMEGlobal not defined - cannot get plugins.
stopAddOn Error: addon loading
started addon null
Node already loaded.. 
Node already loaded.. /1
Node already loaded.. /759732751
