
        <!-- ngRepeat: log in logs track by $index --><li ng-repeat="log in logs track by $index" class="ng-scope">
            <span class="ng-binding">init</span>
        </li><!-- end ngRepeat: log in logs track by $index --><li ng-repeat="log in logs track by $index" class="ng-scope">
            <span class="ng-binding">Tue Jan 13 2015 16:14:10 GMT-0600 (CST) db open</span>
        </li><!-- end ngRepeat: log in logs track by $index --><li ng-repeat="log in logs track by $index" class="ng-scope">
            <span class="ng-binding">Tue Jan 13 2015 16:14:23 GMT-0600 (CST) meta loaded</span>
        </li><!-- end ngRepeat: log in logs track by $index --><li ng-repeat="log in logs track by $index" class="ng-scope">
            <span class="ng-binding">Tue Jan 13 2015 16:14:23 GMT-0600 (CST) children: 3</span>
        </li><!-- end ngRepeat: log in logs track by $index --><li ng-repeat="log in logs track by $index" class="ng-scope">
            <span class="ng-binding">Tue Jan 13 2015 16:14:24 GMT-0600 (CST) children: 3</span>
        </li><!-- end ngRepeat: log in logs track by $index --><li ng-repeat="log in logs track by $index" class="ng-scope">
            <span class="ng-binding">Tue Jan 13 2015 16:14:29 GMT-0600 (CST) children: 106</span>
        </li><!-- end ngRepeat: log in logs track by $index --><li ng-repeat="log in logs track by $index" class="ng-scope">
            <span class="ng-binding">Tue Jan 13 2015 16:14:29 GMT-0600 (CST) children2: 8</span>
        </li><!-- end ngRepeat: log in logs track by $index --><li ng-repeat="log in logs track by $index" class="ng-scope">
            <span class="ng-binding">Tue Jan 13 2015 16:14:29 GMT-0600 (CST) set</span>
        </li><!-- end ngRepeat: log in logs track by $index --><li ng-repeat="log in logs track by $index" class="ng-scope">
            <span class="ng-binding">Tue Jan 13 2015 16:14:48 GMT-0600 (CST) done 1</span>
        </li><!-- end ngRepeat: log in logs track by $index --><li ng-repeat="log in logs track by $index" class="ng-scope">
            <span class="ng-binding">Tue Jan 13 2015 16:14:48 GMT-0600 (CST) set</span>
        </li><!-- end ngRepeat: log in logs track by $index --><li ng-repeat="log in logs track by $index" class="ng-scope">
            <span class="ng-binding">Tue Jan 13 2015 16:15:15 GMT-0600 (CST) done 2</span>
        </li><!-- end ngRepeat: log in logs track by $index --><li ng-repeat="log in logs track by $index" class="ng-scope">
            <span class="ng-binding">Tue Jan 13 2015 16:15:15 GMT-0600 (CST) set</span>
        </li><!-- end ngRepeat: log in logs track by $index --><li ng-repeat="log in logs track by $index" class="ng-scope">
            <span class="ng-binding">Tue Jan 13 2015 16:15:38 GMT-0600 (CST) done 3</span>
        </li><!-- end ngRepeat: log in logs track by $index --><li ng-repeat="log in logs track by $index" class="ng-scope">
            <span class="ng-binding">Tue Jan 13 2015 16:15:38 GMT-0600 (CST) set</span>
        </li><!-- end ngRepeat: log in logs track by $index --><li ng-repeat="log in logs track by $index" class="ng-scope">
            <span class="ng-binding">Tue Jan 13 2015 16:16:06 GMT-0600 (CST) done 4</span>
        </li><!-- end ngRepeat: log in logs track by $index --><li ng-repeat="log in logs track by $index" class="ng-scope">
            <span class="ng-binding">Tue Jan 13 2015 16:16:06 GMT-0600 (CST) set</span>
        </li><!-- end ngRepeat: log in logs track by $index --><li ng-repeat="log in logs track by $index" class="ng-scope">
            <span class="ng-binding">Tue Jan 13 2015 16:16:48 GMT-0600 (CST) done 5</span>
        </li><!-- end ngRepeat: log in logs track by $index --><li ng-repeat="log in logs track by $index" class="ng-scope">
            <span class="ng-binding">Tue Jan 13 2015 16:16:48 GMT-0600 (CST) set</span>
        </li><!-- end ngRepeat: log in logs track by $index --><li ng-repeat="log in logs track by $index" class="ng-scope">
            <span class="ng-binding">Tue Jan 13 2015 16:17:19 GMT-0600 (CST) done 6</span>
        </li><!-- end ngRepeat: log in logs track by $index --><li ng-repeat="log in logs track by $index" class="ng-scope">
            <span class="ng-binding">Tue Jan 13 2015 16:17:19 GMT-0600 (CST) set</span>
        </li><!-- end ngRepeat: log in logs track by $index --><li ng-repeat="log in logs track by $index" class="ng-scope">
            <span class="ng-binding">Tue Jan 13 2015 16:17:41 GMT-0600 (CST) done 7</span>
        </li><!-- end ngRepeat: log in logs track by $index --><li ng-repeat="log in logs track by $index" class="ng-scope">
            <span class="ng-binding">Tue Jan 13 2015 16:17:41 GMT-0600 (CST) set</span>
        </li><!-- end ngRepeat: log in logs track by $index --><li ng-repeat="log in logs track by $index" class="ng-scope">
            <span class="ng-binding">Tue Jan 13 2015 16:18:14 GMT-0600 (CST) done 8</span>
        </li><!-- end ngRepeat: log in logs track by $index --><li ng-repeat="log in logs track by $index" class="ng-scope">
            <span class="ng-binding">Tue Jan 13 2015 16:18:14 GMT-0600 (CST) set</span>
        </li><!-- end ngRepeat: log in logs track by $index --><li ng-repeat="log in logs track by $index" class="ng-scope">
            <span class="ng-binding">Tue Jan 13 2015 16:18:47 GMT-0600 (CST) done 9</span>
        </li><!-- end ngRepeat: log in logs track by $index --><li ng-repeat="log in logs track by $index" class="ng-scope">
            <span class="ng-binding">Tue Jan 13 2015 16:18:47 GMT-0600 (CST) set</span>
        </li><!-- end ngRepeat: log in logs track by $index --><li ng-repeat="log in logs track by $index" class="ng-scope">
            <span class="ng-binding">Tue Jan 13 2015 16:19:12 GMT-0600 (CST) done 10</span>
        </li><!-- end ngRepeat: log in logs track by $index --><li ng-repeat="log in logs track by $index" class="ng-scope">
            <span class="ng-binding">Tue Jan 13 2015 16:19:12 GMT-0600 (CST) set</span>
        </li><!-- end ngRepeat: log in logs track by $index --><li ng-repeat="log in logs track by $index" class="ng-scope">
            <span class="ng-binding">Tue Jan 13 2015 16:19:27 GMT-0600 (CST) done 11</span>
        </li><!-- end ngRepeat: log in logs track by $index --><li ng-repeat="log in logs track by $index" class="ng-scope">
            <span class="ng-binding">Tue Jan 13 2015 16:19:27 GMT-0600 (CST) set</span>
        </li><!-- end ngRepeat: log in logs track by $index --><li ng-repeat="log in logs track by $index" class="ng-scope">
            <span class="ng-binding">Tue Jan 13 2015 16:19:42 GMT-0600 (CST) done 12</span>
        </li><!-- end ngRepeat: log in logs track by $index --><li ng-repeat="log in logs track by $index" class="ng-scope">
            <span class="ng-binding">Tue Jan 13 2015 16:19:42 GMT-0600 (CST) set</span>
        </li><!-- end ngRepeat: log in logs track by $index --><li ng-repeat="log in logs track by $index" class="ng-scope">
            <span class="ng-binding">Tue Jan 13 2015 16:19:55 GMT-0600 (CST) done 13</span>
        </li><!-- end ngRepeat: log in logs track by $index --><li ng-repeat="log in logs track by $index" class="ng-scope">
            <span class="ng-binding">Tue Jan 13 2015 16:19:55 GMT-0600 (CST) set</span>
        </li><!-- end ngRepeat: log in logs track by $index --><li ng-repeat="log in logs track by $index" class="ng-scope">
            <span class="ng-binding">Tue Jan 13 2015 16:20:15 GMT-0600 (CST) done 14</span>
        </li><!-- end ngRepeat: log in logs track by $index --><li ng-repeat="log in logs track by $index" class="ng-scope">
            <span class="ng-binding">Tue Jan 13 2015 16:20:15 GMT-0600 (CST) set</span>
        </li><!-- end ngRepeat: log in logs track by $index --><li ng-repeat="log in logs track by $index" class="ng-scope">
            <span class="ng-binding">Tue Jan 13 2015 16:20:28 GMT-0600 (CST) done 15</span>
        </li><!-- end ngRepeat: log in logs track by $index --><li ng-repeat="log in logs track by $index" class="ng-scope">
            <span class="ng-binding">Tue Jan 13 2015 16:20:28 GMT-0600 (CST) PHANTOM DONE</span>
        </li><!-- end ngRepeat: log in logs track by $index -->
    

WebGME Client is available.
WebGME client library is ready to use.
WebGMEGlobal not defined - cannot get plugins.
stopAddOn Error: addon loading
Node already loaded.. 
Node already loaded.. /1
Node already loaded.. /759732751
